\BOOKMARK [0][-]{chapter*.3}{\376\377\000I\000n\000t\000r\000o\000d\000u\000c\000c\000i\000\363\000n}{}% 1
\BOOKMARK [0][-]{chapter.1}{\376\377\000F\000u\000n\000d\000a\000m\000e\000n\000t\000o\000s}{}% 2
\BOOKMARK [1][-]{section.1.1}{\376\377\000E\000s\000t\000a\000d\000o\000\040\000d\000e\000l\000\040\000A\000r\000t\000e}{chapter.1}% 3
\BOOKMARK [1][-]{section.1.2}{\376\377\000M\000a\000r\000c\000o\000\040\000T\000e\000\363\000r\000i\000c\000o}{chapter.1}% 4
\BOOKMARK [2][-]{subsection.1.2.1}{\376\377\000L\000S\000T\000M\000:\000\040\000L\000o\000n\000g\000\040\000S\000h\000o\000r\000t\000-\000T\000e\000r\000m\000\040\000M\000e\000m\000o\000r\000y\000\040\000N\000e\000u\000r\000a\000l\000\040\000N\000e\000t\000w\000o\000r\000k\000s}{section.1.2}% 5
\BOOKMARK [2][-]{subsection.1.2.2}{\376\377\000R\000e\000d\000e\000s\000\040\000N\000e\000u\000r\000o\000n\000a\000l\000e\000s\000\040\000C\000o\000n\000v\000o\000l\000u\000c\000i\000o\000n\000a\000l\000e\000s\000\040\000s\000o\000b\000r\000e\000\040\000s\000e\000c\000u\000e\000n\000c\000i\000a\000s}{section.1.2}% 6
\BOOKMARK [2][-]{subsection.1.2.3}{\376\377\000M\000e\000c\000a\000n\000i\000s\000m\000o\000s\000\040\000d\000e\000\040\000A\000t\000e\000n\000c\000i\000\363\000n}{section.1.2}% 7
\BOOKMARK [2][-]{subsection.1.2.4}{\376\377\000T\000r\000a\000n\000s\000f\000o\000r\000m\000e\000r\000s}{section.1.2}% 8
\BOOKMARK [2][-]{subsection.1.2.5}{\376\377\000R\000e\000d\000e\000s\000\040\000N\000e\000u\000r\000o\000n\000a\000l\000e\000s\000\040\000C\000o\000n\000v\000o\000l\000u\000c\000i\000o\000n\000a\000l\000e\000s\000\040\000e\000n\000\040\000G\000r\000a\000f\000o\000s}{section.1.2}% 9
\BOOKMARK [0][-]{chapter.2}{\376\377\000F\000r\000a\000m\000e\000w\000o\000r\000k}{}% 10
\BOOKMARK [1][-]{section.2.1}{\376\377\000R\000a\000s\000g\000o\000s\000\040\000a\000\040\000N\000i\000v\000e\000l\000\040\000d\000e\000\040\000T\000w\000e\000e\000t}{chapter.2}% 11
\BOOKMARK [2][-]{subsection.2.1.1}{\376\377\000C\000N\000N\000\040\000-\000\040\000L\000S\000T\000M}{section.2.1}% 12
\BOOKMARK [2][-]{subsection.2.1.2}{\376\377\000C\000o\000d\000i\000f\000i\000c\000a\000c\000i\000\363\000n\000\040\000b\000a\000s\000a\000d\000a\000\040\000e\000n\000\040\000T\000r\000a\000n\000s\000f\000o\000r\000m\000e\000r\000s}{section.2.1}% 13
\BOOKMARK [1][-]{section.2.2}{\376\377\000M\000o\000d\000e\000l\000a\000d\000o\000\040\000y\000\040\000C\000l\000a\000s\000i\000f\000i\000c\000a\000c\000i\000\363\000n\000\040\000d\000e\000l\000\040\000P\000e\000r\000f\000i\000l}{chapter.2}% 14
\BOOKMARK [2][-]{subsection.2.2.1}{\376\377\000M\000o\000d\000e\000l\000a\000d\000o\000\040\000S\000e\000c\000u\000e\000n\000c\000i\000a\000l\000.\000\040\000A\000t\000t\000-\000L\000S\000T\000M}{section.2.2}% 15
\BOOKMARK [2][-]{subsection.2.2.2}{\376\377\000M\000o\000d\000e\000l\000a\000d\000o\000\040\000b\000a\000s\000a\000d\000o\000\040\000e\000n\000\040\000G\000r\000a\000f\000o\000.\000\040\000S\000G\000N}{section.2.2}% 16
\BOOKMARK [1][-]{section.2.3}{\376\377\000C\000l\000a\000s\000i\000f\000i\000c\000a\000c\000i\000\363\000n\000\040\000b\000a\000s\000a\000d\000a\000\040\000e\000n\000\040\000M\000L\000.\000\040\000D\000e\000e\000p\000\040\000I\000m\000p\000o\000s\000t\000o\000r\000\040}{chapter.2}% 17
\BOOKMARK [1][-]{section.2.4}{\376\377\000R\000a\000s\000g\000o\000s\000\040\000M\000a\000n\000u\000a\000l\000e\000s\000\040\000d\000e\000\040\000E\000s\000t\000i\000l\000o}{chapter.2}% 18
\BOOKMARK [0][-]{chapter.3}{\376\377\000M\000a\000r\000c\000o\000\040\000E\000x\000p\000e\000r\000i\000m\000e\000n\000t\000a\000l}{}% 19
\BOOKMARK [1][-]{section.3.1}{\376\377\000T\000a\000r\000e\000a\000s}{chapter.3}% 20
\BOOKMARK [2][-]{subsection.3.1.1}{\376\377\000B\000o\000t\000s\000\040\000a\000n\000d\000\040\000G\000e\000n\000d\000e\000r\000\040\000P\000r\000o\000f\000i\000l\000i\000n\000g\000\040\000a\000t\000\040\000P\000A\000N\000\040\0002\0000\0001\0009}{section.3.1}% 21
\BOOKMARK [2][-]{subsection.3.1.2}{\376\377\000P\000r\000o\000f\000i\000l\000i\000n\000g\000\040\000F\000a\000k\000e\000\040\000N\000e\000w\000s\000\040\000S\000p\000r\000e\000a\000d\000e\000r\000s\000\040\000o\000n\000\040\000T\000w\000i\000t\000t\000e\000r\000\040\000a\000t\000\040\000P\000A\000N\000\040\0002\0000\0002\0000}{section.3.1}% 22
\BOOKMARK [2][-]{subsection.3.1.3}{\376\377\000P\000r\000o\000f\000i\000l\000i\000n\000g\000\040\000H\000a\000t\000e\000\040\000S\000p\000e\000e\000c\000h\000\040\000S\000p\000r\000e\000a\000d\000e\000r\000s\000\040\000o\000n\000\040\000T\000w\000i\000t\000t\000e\000r\000\040\000a\000t\000\040\000P\000A\000N\000\040\0002\0000\0002\0001}{section.3.1}% 23
\BOOKMARK [1][-]{section.3.2}{\376\377\000R\000e\000s\000u\000l\000t\000a\000d\000o\000s\000\040\000E\000x\000p\000e\000r\000i\000m\000e\000n\000t\000a\000l\000e\000s}{chapter.3}% 24
\BOOKMARK [2][-]{subsection.3.2.1}{\376\377\000C\000o\000d\000i\000f\000i\000c\000a\000d\000o\000r\000\040\000C\000N\000N\000\040\000-\000\040\000L\000S\000T\000M}{section.3.2}% 25
\BOOKMARK [2][-]{subsection.3.2.2}{\376\377\000C\000o\000d\000i\000f\000i\000c\000a\000d\000o\000r\000\040\000T\000r\000a\000n\000s\000f\000o\000r\000m\000e\000r}{section.3.2}% 26
\BOOKMARK [2][-]{subsection.3.2.3}{\376\377\000C\000l\000a\000s\000i\000f\000i\000c\000a\000d\000o\000r\000\040\000A\000t\000t\000-\000L\000S\000T\000M}{section.3.2}% 27
\BOOKMARK [2][-]{subsection.3.2.4}{\376\377\000C\000l\000a\000s\000i\000f\000i\000c\000a\000d\000o\000r\000\040\000S\000G\000N}{section.3.2}% 28
\BOOKMARK [2][-]{subsection.3.2.5}{\376\377\000\040\000C\000l\000a\000s\000i\000f\000i\000c\000a\000d\000o\000r\000\040\000D\000e\000e\000p\000\040\000I\000m\000p\000o\000s\000t\000o\000r\000\040}{section.3.2}% 29
\BOOKMARK [0][-]{figure.3.1}{\376\377\000C\000o\000n\000c\000l\000u\000s\000i\000o\000n\000e\000s}{}% 30
